[debug] [2024-09-06T11:18:24.230Z] ----------------------------------------------------------------------
[debug] [2024-09-06T11:18:24.232Z] Command:       /usr/local/share/nvm/versions/node/v20.12.1/bin/node /home/codespace/nvm/current/bin/firebase init
[debug] [2024-09-06T11:18:24.232Z] CLI Version:   13.16.0
[debug] [2024-09-06T11:18:24.233Z] Platform:      linux
[debug] [2024-09-06T11:18:24.233Z] Node Version:  v20.12.1
[debug] [2024-09-06T11:18:24.233Z] Time:          Fri Sep 06 2024 11:18:24 GMT+0000 (Coordinated Universal Time)
[debug] [2024-09-06T11:18:24.233Z] ----------------------------------------------------------------------
[debug] 
[debug] [2024-09-06T11:18:24.238Z] > command requires scopes: ["email","openid","https://www.googleapis.com/auth/cloudplatformprojects.readonly","https://www.googleapis.com/auth/firebase","https://www.googleapis.com/auth/cloud-platform"]
[debug] [2024-09-06T11:18:24.238Z] > authorizing via signed-in user (neerajrekwar817@gmail.com)
[info] 
     ######## #### ########  ######## ########     ###     ######  ########
     ##        ##  ##     ## ##       ##     ##  ##   ##  ##       ##
     ######    ##  ########  ######   ########  #########  ######  ######
     ##        ##  ##    ##  ##       ##     ## ##     ##       ## ##
     ##       #### ##     ## ######## ########  ##     ##  ######  ########

You're about to initialize a Firebase project in this directory:

  /project/workspace

Before we get started, keep in mind:

  * You are currently outside your home directory

