[debug] [2024-09-06T07:59:31.618Z] ----------------------------------------------------------------------
[debug] [2024-09-06T07:59:31.621Z] Command:       /usr/local/share/nvm/versions/node/v20.12.1/bin/node /home/codespace/nvm/current/bin/firebase init
[debug] [2024-09-06T07:59:31.621Z] CLI Version:   13.16.0
[debug] [2024-09-06T07:59:31.621Z] Platform:      linux
[debug] [2024-09-06T07:59:31.621Z] Node Version:  v20.12.1
[debug] [2024-09-06T07:59:31.621Z] Time:          Fri Sep 06 2024 07:59:31 GMT+0000 (Coordinated Universal Time)
[debug] [2024-09-06T07:59:31.622Z] ----------------------------------------------------------------------
[debug] 
[debug] [2024-09-06T07:59:31.627Z] > command requires scopes: ["email","openid","https://www.googleapis.com/auth/cloudplatformprojects.readonly","https://www.googleapis.com/auth/firebase","https://www.googleapis.com/auth/cloud-platform"]
[debug] [2024-09-06T07:59:31.627Z] > authorizing via signed-in user (neerajrekwar817@gmail.com)
[info] 
     ######## #### ########  ######## ########     ###     ######  ########
     ##        ##  ##     ## ##       ##     ##  ##   ##  ##       ##
     ######    ##  ########  ######   ########  #########  ######  ######
     ##        ##  ##    ##  ##       ##     ## ##     ##       ## ##
     ##       #### ##     ## ######## ########  ##     ##  ######  ########

You're about to initialize a Firebase project in this directory:

  /project/workspace/app

Before we get started, keep in mind:

  * You are currently outside your home directory

[info] 
=== Project Setup
[info] 
[info] First, let's associate this project directory with a Firebase project.
[info] You can create multiple project aliases by running firebase use --add, 
[info] but for now we'll just set up a default project.
[info] 
[debug] [2024-09-06T08:00:02.035Z] >>> [apiv2][query] GET https://firebase.googleapis.com/v1beta1/projects pageSize=100
[debug] [2024-09-06T08:00:02.452Z] <<< [apiv2][status] GET https://firebase.googleapis.com/v1beta1/projects 200
[debug] [2024-09-06T08:00:02.452Z] <<< [apiv2][body] GET https://firebase.googleapis.com/v1beta1/projects [omitted]
[info] i  Using project bmi-ne (nextJS-bmi-calculator) 
[info] 
=== Hosting Setup
[debug] [2024-09-06T08:00:08.497Z] >>> [apiv2][query] GET https://firebase.googleapis.com/v1beta1/projects/bmi-ne [none]
[debug] [2024-09-06T08:00:08.780Z] <<< [apiv2][status] GET https://firebase.googleapis.com/v1beta1/projects/bmi-ne 200
[debug] [2024-09-06T08:00:08.780Z] <<< [apiv2][body] GET https://firebase.googleapis.com/v1beta1/projects/bmi-ne {"projectId":"bmi-ne","projectNumber":"654057701650","displayName":"nextJS-bmi-calculator","name":"projects/bmi-ne","resources":{"hostingSite":"bmi-ne"},"state":"ACTIVE","etag":"1_e214f264-ea41-4508-ba6b-91e9953d42a9"}
[info] 
[info] Your public directory is the folder (relative to your project directory) that
[info] will contain Hosting assets to be uploaded with firebase deploy. If you
[info] have a build process for your assets, use your build's output directory.
[info] 
